<?xml version="1.0" encoding="UTF-8"?>
<testng-results ignored="0" total="1" passed="1" failed="0" skipped="0">
  <reporter-output>
  </reporter-output>
  <suite started-at="2024-07-27T07:22:50 IST" name="Default suite" finished-at="2024-07-27T07:22:50 IST" duration-ms="144">
    <groups>
    </groups>
    <test started-at="2024-07-27T07:22:50 IST" name="Default test" finished-at="2024-07-27T07:22:50 IST" duration-ms="144">
      <class name="Day1Learning.clsChild">
        <test-method signature="LearnOverriding()[pri:0, instance:Day1Learning.clsChild@163370c2]" started-at="2024-07-27T07:22:50 IST" name="LearnOverriding" finished-at="2024-07-27T07:22:50 IST" duration-ms="24" status="PASS">
          <reporter-output>
          </reporter-output>
        </test-method> <!-- LearnOverriding -->
      </class> <!-- Day1Learning.clsChild -->
    </test> <!-- Default test -->
  </suite> <!-- Default suite -->
</testng-results>
