<?xml version="1.0" encoding="UTF-8"?>
<testng-results ignored="0" total="1" passed="1" failed="0" skipped="0">
  <reporter-output>
  </reporter-output>
  <suite started-at="2024-07-25T13:41:17 IST" name="Default suite" finished-at="2024-07-25T13:41:17 IST" duration-ms="61">
    <groups>
    </groups>
    <test started-at="2024-07-25T13:41:17 IST" name="Default test" finished-at="2024-07-25T13:41:17 IST" duration-ms="61">
      <class name="Day1Learning.clsSeleniumBasics">
        <test-method signature="LearnEncapuslation()[pri:0, instance:Day1Learning.clsSeleniumBasics@5b6813df]" started-at="2024-07-25T13:41:17 IST" name="LearnEncapuslation" finished-at="2024-07-25T13:41:17 IST" duration-ms="17" status="PASS">
          <reporter-output>
          </reporter-output>
        </test-method> <!-- LearnEncapuslation -->
      </class> <!-- Day1Learning.clsSeleniumBasics -->
    </test> <!-- Default test -->
  </suite> <!-- Default suite -->
</testng-results>
