<?xml version="1.0" encoding="UTF-8"?>
<!-- Generated by org.testng.reporters.JUnitXMLReporter -->
<testsuite ignored="1" hostname="AGUMMADILLI06" failures="0" tests="1" name="Default test" time="0.057" errors="0" timestamp="2024-07-28T07:26:22 IST">
  <testcase classname="Day1Learning.clsExceptionHandling" name="LearnException1" time="0.011"/>
  <testcase classname="Day1Learning.clsExceptionHandling" name="LearnExceptionHandling" time="0.0">
    <ignored/>
  </testcase> <!-- LearnExceptionHandling -->
</testsuite> <!-- Default test -->
